SF:lib\domain\usecases\get_tv_watchlist.dart
DA:9,1
DA:11,1
DA:12,2
LF:3
LH:3
end_of_record
SF:lib\domain\usecases\get_watchlist_movies.dart
DA:9,1
DA:11,1
DA:12,2
LF:3
LH:3
end_of_record
SF:lib\presentation\provider\tvshow\tv_watchlist_state.dart
DA:4,2
DA:6,1
DA:7,1
DA:17,2
DA:19,1
DA:20,2
DA:26,1
DA:28,1
DA:29,2
LF:9
LH:9
end_of_record
SF:lib\presentation\provider\tvshow\tv_watchlist_event.dart
DA:4,1
DA:6,0
DA:8,0
LF:3
LH:1
end_of_record
SF:lib\presentation\provider\tvshow\tv_watchlist_bloc.dart
DA:14,3
DA:17,1
DA:18,1
DA:19,2
DA:20,3
DA:22,2
DA:23,1
DA:24,3
DA:26,1
DA:27,1
DA:28,0
DA:30,2
LF:12
LH:11
end_of_record
SF:lib\presentation\provider\movie\movie_watchlist_event.dart
DA:4,1
DA:6,0
DA:7,0
LF:3
LH:1
end_of_record
SF:lib\presentation\provider\movie\movie_watchlist_bloc.dart
DA:16,3
DA:19,1
DA:21,1
DA:22,2
DA:23,3
DA:25,2
DA:26,1
DA:27,3
DA:29,1
DA:30,1
DA:31,0
DA:33,2
LF:12
LH:11
end_of_record
SF:lib\presentation\provider\movie\movie_watchlist_state.dart
DA:4,2
DA:6,1
DA:7,1
DA:17,2
DA:19,1
DA:20,2
DA:26,1
DA:28,1
DA:29,2
LF:9
LH:9
end_of_record
